<?xml version="1.0" encoding="UTF-8"?>
<!-- Generated by org.testng.reporters.JUnitReportReporter -->
<testsuite skipped="0" hostname="admin-PC" name="com.testersconnect.api.HSTestSuite" tests="5" failures="0" timestamp="23 May 2018 03:44:53 GMT" time="4.642" errors="0">
  <testcase name="verifyCreateCompany" time="2.344" classname="com.testersconnect.api.HSTestSuite"/>
  <testcase name="verifyCreateContact" time="0.653" classname="com.testersconnect.api.HSTestSuite"/>
  <testcase name="verifyContactAssoicatedToCompany" time="0.478" classname="com.testersconnect.api.HSTestSuite"/>
  <testcase name="verifyCompanyDelete" time="0.470" classname="com.testersconnect.api.HSTestSuite"/>
  <testcase name="verifyContactDelete" time="0.697" classname="com.testersconnect.api.HSTestSuite"/>
</testsuite> <!-- com.testersconnect.api.HSTestSuite -->
