<?xml version="1.0" encoding="UTF-8"?>
<!-- Generated by org.testng.reporters.JUnitReportReporter -->
<testsuite skipped="0" hostname="admin-PC" name="com.testersconnect.api.TestClass" tests="3" failures="0" timestamp="21 May 2018 03:37:29 GMT" time="8.327" errors="0">
  <testcase name="verifyContactAddedToCompany" time="0.010" classname="com.testersconnect.api.TestClass"/>
  <testcase name="verifyCreateCompany" time="4.447" classname="com.testersconnect.api.TestClass"/>
  <testcase name="verifyCreateContact" time="3.870" classname="com.testersconnect.api.TestClass"/>
</testsuite> <!-- com.testersconnect.api.TestClass -->
